# JRE version: OpenJDK Runtime Environment Temurin-21.0.7+6 (21.0.7+6) (build 21.0.7+6-LTS)
# Java VM: OpenJDK 64-Bit Server VM Temurin-21.0.7+6 (21.0.7+6-LTS, mixed mode, sharing, tiered, compressed oops, compressed class ptrs, parallel gc, windows-amd64)
GC Precious Log:
 CardTable entry size: 512
 CPUs: 12 total, 12 available
 Memory: 28524M
 Large Page Support: Disabled
 NUMA Support: Disabled
 Compressed Oops: Enabled (32-bit)
 Alignments: Space 512K, Generation 512K, Heap 2M
 Heap Min Capacity: 100M
 Heap Initial Capacity: 100M
 Heap Max Capacity: 1G
 Pre-touch: Disabled
 Parallel Workers: 10
Heap:
 PSYoungGen      total 24064K, used 14543K [0x00000000eab00000, 0x00000000ec680000, 0x0000000100000000)
  eden space 22016K, 57% used [0x00000000eab00000,0x00000000eb763e58,0x00000000ec080000)
  from space 2048K, 90% used [0x00000000ec280000,0x00000000ec450000,0x00000000ec480000)
  to   space 2048K, 0% used [0x00000000ec480000,0x00000000ec480000,0x00000000ec680000)
 ParOldGen       total 68608K, used 23299K [0x00000000c0000000, 0x00000000c4300000, 0x00000000eab00000)
  object space 68608K, 33% used [0x00000000c0000000,0x00000000c16c0fb8,0x00000000c4300000)
 Metaspace       used 46557K, committed 47680K, reserved 1114112K
  class space    used 4975K, committed 5440K, reserved 1048576K
GC Heap History (20 events):
Event: 3.619 GC heap before
{Heap before GC invocations=10 (full 1):
 PSYoungGen      total 28672K, used 24064K [0x00000000eab00000, 0x00000000ece00000, 0x0000000100000000)
  eden space 24064K, 100% used [0x00000000eab00000,0x00000000ec280000,0x00000000ec280000)
  from space 4608K, 0% used [0x00000000ec980000,0x00000000ec980000,0x00000000ece00000)
  to   space 5632K, 0% used [0x00000000ec300000,0x00000000ec300000,0x00000000ec880000)
 ParOldGen       total 68608K, used 13091K [0x00000000c0000000, 0x00000000c4300000, 0x00000000eab00000)
  object space 68608K, 19% used [0x00000000c0000000,0x00000000c0cc8e60,0x00000000c4300000)
 Metaspace       used 24468K, committed 25280K, reserved 1114112K
  class space    used 2352K, committed 2688K, reserved 1048576K
}
Event: 3.620 GC heap after
{Heap after GC invocations=10 (full 1):
 PSYoungGen      total 24576K, used 548K [0x00000000eab00000, 0x00000000eca00000, 0x0000000100000000)
  eden space 23552K, 0% used [0x00000000eab00000,0x00000000eab00000,0x00000000ec200000)
  from space 1024K, 53% used [0x00000000ec300000,0x00000000ec389260,0x00000000ec400000)
  to   space 2560K, 0% used [0x00000000ec780000,0x00000000ec780000,0x00000000eca00000)
 ParOldGen       total 68608K, used 13091K [0x00000000c0000000, 0x00000000c4300000, 0x00000000eab00000)
  object space 68608K, 19% used [0x00000000c0000000,0x00000000c0cc8e60,0x00000000c4300000)
 Metaspace       used 24468K, committed 25280K, reserved 1114112K
  class space    used 2352K, committed 2688K, reserved 1048576K
}
Event: 3.872 GC heap before
{Heap before GC invocations=11 (full 1):
 PSYoungGen      total 24576K, used 24100K [0x00000000eab00000, 0x00000000eca00000, 0x0000000100000000)
  eden space 23552K, 100% used [0x00000000eab00000,0x00000000ec200000,0x00000000ec200000)
  from space 1024K, 53% used [0x00000000ec300000,0x00000000ec389260,0x00000000ec400000)
  to   space 2560K, 0% used [0x00000000ec780000,0x00000000ec780000,0x00000000eca00000)
 ParOldGen       total 68608K, used 13091K [0x00000000c0000000, 0x00000000c4300000, 0x00000000eab00000)
  object space 68608K, 19% used [0x00000000c0000000,0x00000000c0cc8e60,0x00000000c4300000)
 Metaspace       used 25783K, committed 26624K, reserved 1114112K
  class space    used 2444K, committed 2816K, reserved 1048576K
}
Event: 3.874 GC heap after
{Heap after GC invocations=11 (full 1):
 PSYoungGen      total 25600K, used 2553K [0x00000000eab00000, 0x00000000eca00000, 0x0000000100000000)
  eden space 23040K, 0% used [0x00000000eab00000,0x00000000eab00000,0x00000000ec180000)
  from space 2560K, 99% used [0x00000000ec780000,0x00000000ec9fe610,0x00000000eca00000)
  to   space 3072K, 0% used [0x00000000ec400000,0x00000000ec400000,0x00000000ec700000)
 ParOldGen       total 68608K, used 13131K [0x00000000c0000000, 0x00000000c4300000, 0x00000000eab00000)
  object space 68608K, 19% used [0x00000000c0000000,0x00000000c0cd2e60,0x00000000c4300000)
 Metaspace       used 25783K, committed 26624K, reserved 1114112K
  class space    used 2444K, committed 2816K, reserved 1048576K
}
Event: 4.315 GC heap before
{Heap before GC invocations=12 (full 1):
 PSYoungGen      total 25600K, used 25589K [0x00000000eab00000, 0x00000000eca00000, 0x0000000100000000)
  eden space 23040K, 99% used [0x00000000eab00000,0x00000000ec17f0c8,0x00000000ec180000)
  from space 2560K, 99% used [0x00000000ec780000,0x00000000ec9fe610,0x00000000eca00000)
  to   space 3072K, 0% used [0x00000000ec400000,0x00000000ec400000,0x00000000ec700000)
 ParOldGen       total 68608K, used 13131K [0x00000000c0000000, 0x00000000c4300000, 0x00000000eab00000)
  object space 68608K, 19% used [0x00000000c0000000,0x00000000c0cd2e60,0x00000000c4300000)
 Metaspace       used 29866K, committed 30784K, reserved 1114112K
  class space    used 2896K, committed 3264K, reserved 1048576K
}
Event: 4.321 GC heap after
{Heap after GC invocations=12 (full 1):
 PSYoungGen      total 24576K, used 1710K [0x00000000eab00000, 0x00000000ec800000, 0x0000000100000000)
  eden space 22528K, 0% used [0x00000000eab00000,0x00000000eab00000,0x00000000ec100000)
  from space 2048K, 83% used [0x00000000ec400000,0x00000000ec5ab820,0x00000000ec600000)
  to   space 2048K, 0% used [0x00000000ec600000,0x00000000ec600000,0x00000000ec800000)
 ParOldGen       total 68608K, used 15636K [0x00000000c0000000, 0x00000000c4300000, 0x00000000eab00000)
  object space 68608K, 22% used [0x00000000c0000000,0x00000000c0f45340,0x00000000c4300000)
 Metaspace       used 29866K, committed 30784K, reserved 1114112K
  class space    used 2896K, committed 3264K, reserved 1048576K
}
Event: 4.526 GC heap before
{Heap before GC invocations=13 (full 1):
 PSYoungGen      total 24576K, used 24238K [0x00000000eab00000, 0x00000000ec800000, 0x0000000100000000)
  eden space 22528K, 100% used [0x00000000eab00000,0x00000000ec100000,0x00000000ec100000)
  from space 2048K, 83% used [0x00000000ec400000,0x00000000ec5ab820,0x00000000ec600000)
  to   space 2048K, 0% used [0x00000000ec600000,0x00000000ec600000,0x00000000ec800000)
 ParOldGen       total 68608K, used 15636K [0x00000000c0000000, 0x00000000c4300000, 0x00000000eab00000)
  object space 68608K, 22% used [0x00000000c0000000,0x00000000c0f45340,0x00000000c4300000)
 Metaspace       used 32912K, committed 33920K, reserved 1114112K
  class space    used 3287K, committed 3712K, reserved 1048576K
}
Event: 4.528 GC heap after
{Heap after GC invocations=13 (full 1):
 PSYoungGen      total 23552K, used 1377K [0x00000000eab00000, 0x00000000ec780000, 0x0000000100000000)
  eden space 22016K, 0% used [0x00000000eab00000,0x00000000eab00000,0x00000000ec080000)
  from space 1536K, 89% used [0x00000000ec600000,0x00000000ec7585a8,0x00000000ec780000)
  to   space 2048K, 0% used [0x00000000ec380000,0x00000000ec380000,0x00000000ec580000)
 ParOldGen       total 68608K, used 17055K [0x00000000c0000000, 0x00000000c4300000, 0x00000000eab00000)
  object space 68608K, 24% used [0x00000000c0000000,0x00000000c10a7d10,0x00000000c4300000)
 Metaspace       used 32912K, committed 33920K, reserved 1114112K
  class space    used 3287K, committed 3712K, reserved 1048576K
}
Event: 4.719 GC heap before
{Heap before GC invocations=14 (full 1):
 PSYoungGen      total 23552K, used 22431K [0x00000000eab00000, 0x00000000ec780000, 0x0000000100000000)
  eden space 22016K, 95% used [0x00000000eab00000,0x00000000ebf8f860,0x00000000ec080000)
  from space 1536K, 89% used [0x00000000ec600000,0x00000000ec7585a8,0x00000000ec780000)
  to   space 2048K, 0% used [0x00000000ec380000,0x00000000ec380000,0x00000000ec580000)
 ParOldGen       total 68608K, used 17055K [0x00000000c0000000, 0x00000000c4300000, 0x00000000eab00000)
  object space 68608K, 24% used [0x00000000c0000000,0x00000000c10a7d10,0x00000000c4300000)
 Metaspace       used 34833K, committed 35840K, reserved 1114112K
  class space    used 3526K, committed 3968K, reserved 1048576K
}
Event: 4.721 GC heap after
{Heap after GC invocations=14 (full 1):
 PSYoungGen      total 23552K, used 1045K [0x00000000eab00000, 0x00000000ec680000, 0x0000000100000000)
  eden space 22016K, 0% used [0x00000000eab00000,0x00000000eab00000,0x00000000ec080000)
  from space 1536K, 68% used [0x00000000ec380000,0x00000000ec4854a8,0x00000000ec500000)
  to   space 1536K, 0% used [0x00000000ec500000,0x00000000ec500000,0x00000000ec680000)
 ParOldGen       total 68608K, used 18237K [0x00000000c0000000, 0x00000000c4300000, 0x00000000eab00000)
  object space 68608K, 26% used [0x00000000c0000000,0x00000000c11cf690,0x00000000c4300000)
 Metaspace       used 34833K, committed 35840K, reserved 1114112K
  class space    used 3526K, committed 3968K, reserved 1048576K
}
Event: 4.721 GC heap before
{Heap before GC invocations=15 (full 2):
 PSYoungGen      total 23552K, used 1045K [0x00000000eab00000, 0x00000000ec680000, 0x0000000100000000)
  eden space 22016K, 0% used [0x00000000eab00000,0x00000000eab00000,0x00000000ec080000)
  from space 1536K, 68% used [0x00000000ec380000,0x00000000ec4854a8,0x00000000ec500000)
  to   space 1536K, 0% used [0x00000000ec500000,0x00000000ec500000,0x00000000ec680000)
 ParOldGen       total 68608K, used 18237K [0x00000000c0000000, 0x00000000c4300000, 0x00000000eab00000)
  object space 68608K, 26% used [0x00000000c0000000,0x00000000c11cf690,0x00000000c4300000)
 Metaspace       used 34833K, committed 35840K, reserved 1114112K
  class space    used 3526K, committed 3968K, reserved 1048576K
}
Event: 4.757 GC heap after
{Heap after GC invocations=15 (full 2):
 PSYoungGen      total 23552K, used 0K [0x00000000eab00000, 0x00000000ec680000, 0x0000000100000000)
  eden space 22016K, 0% used [0x00000000eab00000,0x00000000eab00000,0x00000000ec080000)
  from space 1536K, 0% used [0x00000000ec380000,0x00000000ec380000,0x00000000ec500000)
  to   space 1536K, 0% used [0x00000000ec500000,0x00000000ec500000,0x00000000ec680000)
 ParOldGen       total 68608K, used 18008K [0x00000000c0000000, 0x00000000c4300000, 0x00000000eab00000)
  object space 68608K, 26% used [0x00000000c0000000,0x00000000c1196288,0x00000000c4300000)
 Metaspace       used 34821K, committed 35840K, reserved 1114112K
  class space    used 3522K, committed 3968K, reserved 1048576K
}
Event: 4.901 GC heap before
{Heap before GC invocations=16 (full 2):
 PSYoungGen      total 23552K, used 22016K [0x00000000eab00000, 0x00000000ec680000, 0x0000000100000000)
  eden space 22016K, 100% used [0x00000000eab00000,0x00000000ec080000,0x00000000ec080000)
  from space 1536K, 0% used [0x00000000ec380000,0x00000000ec380000,0x00000000ec500000)
  to   space 1536K, 0% used [0x00000000ec500000,0x00000000ec500000,0x00000000ec680000)
 ParOldGen       total 68608K, used 18008K [0x00000000c0000000, 0x00000000c4300000, 0x00000000eab00000)
  object space 68608K, 26% used [0x00000000c0000000,0x00000000c1196288,0x00000000c4300000)
 Metaspace       used 37016K, committed 38016K, reserved 1114112K
  class space    used 3799K, committed 4224K, reserved 1048576K
}
Event: 4.903 GC heap after
{Heap after GC invocations=16 (full 2):
 PSYoungGen      total 23040K, used 896K [0x00000000eab00000, 0x00000000ec600000, 0x0000000100000000)
  eden space 22016K, 0% used [0x00000000eab00000,0x00000000eab00000,0x00000000ec080000)
  from space 1024K, 87% used [0x00000000ec500000,0x00000000ec5e0000,0x00000000ec600000)
  to   space 1024K, 0% used [0x00000000ec400000,0x00000000ec400000,0x00000000ec500000)
 ParOldGen       total 68608K, used 18016K [0x00000000c0000000, 0x00000000c4300000, 0x00000000eab00000)
  object space 68608K, 26% used [0x00000000c0000000,0x00000000c1198288,0x00000000c4300000)
 Metaspace       used 37016K, committed 38016K, reserved 1114112K
  class space    used 3799K, committed 4224K, reserved 1048576K
}
Event: 5.091 GC heap before
{Heap before GC invocations=17 (full 2):
 PSYoungGen      total 23040K, used 22912K [0x00000000eab00000, 0x00000000ec600000, 0x0000000100000000)
  eden space 22016K, 100% used [0x00000000eab00000,0x00000000ec080000,0x00000000ec080000)
  from space 1024K, 87% used [0x00000000ec500000,0x00000000ec5e0000,0x00000000ec600000)
  to   space 1024K, 0% used [0x00000000ec400000,0x00000000ec400000,0x00000000ec500000)
 ParOldGen       total 68608K, used 18016K [0x00000000c0000000, 0x00000000c4300000, 0x00000000eab00000)
  object space 68608K, 26% used [0x00000000c0000000,0x00000000c1198288,0x00000000c4300000)
 Metaspace       used 38995K, committed 40000K, reserved 1114112K
  class space    used 4043K, committed 4480K, reserved 1048576K
}
Event: 5.095 GC heap after
{Heap after GC invocations=17 (full 2):
 PSYoungGen      total 23040K, used 1018K [0x00000000eab00000, 0x00000000ecb80000, 0x0000000100000000)
  eden space 22016K, 0% used [0x00000000eab00000,0x00000000eab00000,0x00000000ec080000)
  from space 1024K, 99% used [0x00000000ec400000,0x00000000ec4fe808,0x00000000ec500000)
  to   space 5632K, 0% used [0x00000000ec600000,0x00000000ec600000,0x00000000ecb80000)
 ParOldGen       total 68608K, used 21528K [0x00000000c0000000, 0x00000000c4300000, 0x00000000eab00000)
  object space 68608K, 31% used [0x00000000c0000000,0x00000000c15062a8,0x00000000c4300000)
 Metaspace       used 38995K, committed 40000K, reserved 1114112K
  class space    used 4043K, committed 4480K, reserved 1048576K
}
Event: 5.350 GC heap before
{Heap before GC invocations=18 (full 2):
 PSYoungGen      total 23040K, used 23034K [0x00000000eab00000, 0x00000000ecb80000, 0x0000000100000000)
  eden space 22016K, 100% used [0x00000000eab00000,0x00000000ec080000,0x00000000ec080000)
  from space 1024K, 99% used [0x00000000ec400000,0x00000000ec4fe808,0x00000000ec500000)
  to   space 5632K, 0% used [0x00000000ec600000,0x00000000ec600000,0x00000000ecb80000)
 ParOldGen       total 68608K, used 21528K [0x00000000c0000000, 0x00000000c4300000, 0x00000000eab00000)
  object space 68608K, 31% used [0x00000000c0000000,0x00000000c15062a8,0x00000000c4300000)
 Metaspace       used 42300K, committed 43264K, reserved 1114112K
  class space    used 4439K, committed 4864K, reserved 1048576K
}
Event: 5.352 GC heap after
{Heap after GC invocations=18 (full 2):
 PSYoungGen      total 23552K, used 1408K [0x00000000eab00000, 0x00000000ec780000, 0x0000000100000000)
  eden space 22016K, 0% used [0x00000000eab00000,0x00000000eab00000,0x00000000ec080000)
  from space 1536K, 91% used [0x00000000ec600000,0x00000000ec760000,0x00000000ec780000)
  to   space 2560K, 0% used [0x00000000ec280000,0x00000000ec280000,0x00000000ec500000)
 ParOldGen       total 68608K, used 22104K [0x00000000c0000000, 0x00000000c4300000, 0x00000000eab00000)
  object space 68608K, 32% used [0x00000000c0000000,0x00000000c15962a8,0x00000000c4300000)
 Metaspace       used 42300K, committed 43264K, reserved 1114112K
  class space    used 4439K, committed 4864K, reserved 1048576K
}
Event: 5.751 GC heap before
{Heap before GC invocations=19 (full 2):
 PSYoungGen      total 23552K, used 23424K [0x00000000eab00000, 0x00000000ec780000, 0x0000000100000000)
  eden space 22016K, 100% used [0x00000000eab00000,0x00000000ec080000,0x00000000ec080000)
  from space 1536K, 91% used [0x00000000ec600000,0x00000000ec760000,0x00000000ec780000)
  to   space 2560K, 0% used [0x00000000ec280000,0x00000000ec280000,0x00000000ec500000)
 ParOldGen       total 68608K, used 22104K [0x00000000c0000000, 0x00000000c4300000, 0x00000000eab00000)
  object space 68608K, 32% used [0x00000000c0000000,0x00000000c15962a8,0x00000000c4300000)
 Metaspace       used 44830K, committed 45824K, reserved 1114112K
  class space    used 4777K, committed 5184K, reserved 1048576K
}
Event: 5.753 GC heap after
{Heap after GC invocations=19 (full 2):
 PSYoungGen      total 24064K, used 1856K [0x00000000eab00000, 0x00000000ec680000, 0x0000000100000000)
  eden space 22016K, 0% used [0x00000000eab00000,0x00000000eab00000,0x00000000ec080000)
  from space 2048K, 90% used [0x00000000ec280000,0x00000000ec450000,0x00000000ec480000)
  to   space 2048K, 0% used [0x00000000ec480000,0x00000000ec480000,0x00000000ec680000)
 ParOldGen       total 68608K, used 23299K [0x00000000c0000000, 0x00000000c4300000, 0x00000000eab00000)
  object space 68608K, 33% used [0x00000000c0000000,0x00000000c16c0fb8,0x00000000c4300000)
 Metaspace       used 44830K, committed 45824K, reserved 1114112K
  class space    used 4777K, committed 5184K, reserved 1048576K
}

